# JRE version: OpenJDK Runtime Environment Temurin-21.0.5+11 (21.0.5+11) (build 21.0.5+11-LTS)
# Java VM: OpenJDK 64-Bit Server VM Temurin-21.0.5+11 (21.0.5+11-LTS, mixed mode, emulated-client, sharing, tiered, compressed oops, compressed class ptrs, g1 gc, windows-amd64)
GC Precious Log:
 CardTable entry size: 512
 Card Set container configuration: InlinePtr #cards 4 size 8 Array Of Cards #cards 32 size 80 Howl #buckets 8 coarsen threshold 7372 Howl Bitmap #cards 1024 size 144 coarsen threshold 921 Card regions per heap region 1 cards per card region 8192
 CPUs: 16 total, 16 available
 Memory: 32616M
 Large Page Support: Disabled
 NUMA Support: Disabled
 Compressed Oops: Enabled (Zero based)
 Heap Region Size: 4M
 Heap Min Capacity: 8M
 Heap Initial Capacity: 512M
 Heap Max Capacity: 8156M
 Pre-touch: Disabled
 Parallel Workers: 13
 Concurrent Workers: 3
 Concurrent Refinement Workers: 13
 Periodic GC: Disabled
Heap:
 garbage-first heap   total 69632K, used 27145K [0x0000000602400000, 0x0000000800000000)
  region size 4096K, 2 young (8192K), 1 survivors (4096K)
 Metaspace       used 48483K, committed 49088K, reserved 1114112K
  class space    used 6383K, committed 6656K, reserved 1048576K
GC Heap History (20 events):
Event: 4674.953 GC heap before
{Heap before GC invocations=46 (full 10):
 garbage-first heap   total 69632K, used 59574K [0x0000000602400000, 0x0000000800000000)
  region size 4096K, 10 young (40960K), 0 survivors (0K)
 Metaspace       used 47735K, committed 48640K, reserved 1114112K
  class space    used 6306K, committed 6592K, reserved 1048576K
}
Event: 4674.955 GC heap after
{Heap after GC invocations=47 (full 10):
 garbage-first heap   total 69632K, used 23327K [0x0000000602400000, 0x0000000800000000)
  region size 4096K, 2 young (8192K), 2 survivors (8192K)
 Metaspace       used 47735K, committed 48640K, reserved 1114112K
  class space    used 6306K, committed 6592K, reserved 1048576K
}
Event: 4739.665 GC heap before
{Heap before GC invocations=47 (full 10):
 garbage-first heap   total 69632K, used 51999K [0x0000000602400000, 0x0000000800000000)
  region size 4096K, 9 young (36864K), 2 survivors (8192K)
 Metaspace       used 47968K, committed 48640K, reserved 1114112K
  class space    used 6345K, committed 6592K, reserved 1048576K
}
Event: 4739.672 GC heap after
{Heap after GC invocations=48 (full 10):
 garbage-first heap   total 69632K, used 27023K [0x0000000602400000, 0x0000000800000000)
  region size 4096K, 2 young (8192K), 2 survivors (8192K)
 Metaspace       used 47968K, committed 48640K, reserved 1114112K
  class space    used 6345K, committed 6592K, reserved 1048576K
}
Event: 4740.496 GC heap before
{Heap before GC invocations=48 (full 10):
 garbage-first heap   total 69632K, used 27023K [0x0000000602400000, 0x0000000800000000)
  region size 4096K, 3 young (12288K), 2 survivors (8192K)
 Metaspace       used 47968K, committed 48640K, reserved 1114112K
  class space    used 6345K, committed 6592K, reserved 1048576K
}
Event: 4740.498 GC heap after
{Heap after GC invocations=49 (full 10):
 garbage-first heap   total 69632K, used 27658K [0x0000000602400000, 0x0000000800000000)
  region size 4096K, 1 young (4096K), 1 survivors (4096K)
 Metaspace       used 47968K, committed 48640K, reserved 1114112K
  class space    used 6345K, committed 6592K, reserved 1048576K
}
Event: 4771.711 GC heap before
{Heap before GC invocations=50 (full 10):
 garbage-first heap   total 69632K, used 31754K [0x0000000602400000, 0x0000000800000000)
  region size 4096K, 3 young (12288K), 1 survivors (4096K)
 Metaspace       used 47841K, committed 48640K, reserved 1114112K
  class space    used 6310K, committed 6592K, reserved 1048576K
}
Event: 4771.754 GC heap after
{Heap after GC invocations=51 (full 11):
 garbage-first heap   total 69632K, used 18877K [0x0000000602400000, 0x0000000800000000)
  region size 4096K, 0 young (0K), 0 survivors (0K)
 Metaspace       used 47722K, committed 48640K, reserved 1114112K
  class space    used 6284K, committed 6592K, reserved 1048576K
}
Event: 4771.977 GC heap before
{Heap before GC invocations=51 (full 11):
 garbage-first heap   total 69632K, used 51645K [0x0000000602400000, 0x0000000800000000)
  region size 4096K, 9 young (36864K), 0 survivors (0K)
 Metaspace       used 47842K, committed 48640K, reserved 1114112K
  class space    used 6315K, committed 6592K, reserved 1048576K
}
Event: 4771.979 GC heap after
{Heap after GC invocations=52 (full 11):
 garbage-first heap   total 69632K, used 22973K [0x0000000602400000, 0x0000000800000000)
  region size 4096K, 1 young (4096K), 1 survivors (4096K)
 Metaspace       used 47842K, committed 48640K, reserved 1114112K
  class space    used 6315K, committed 6592K, reserved 1048576K
}
Event: 4784.888 GC heap before
{Heap before GC invocations=52 (full 11):
 garbage-first heap   total 69632K, used 51645K [0x0000000602400000, 0x0000000800000000)
  region size 4096K, 9 young (36864K), 1 survivors (4096K)
 Metaspace       used 48181K, committed 48832K, reserved 1114112K
  class space    used 6363K, committed 6656K, reserved 1048576K
}
Event: 4784.935 GC heap after
{Heap after GC invocations=53 (full 12):
 garbage-first heap   total 69632K, used 21672K [0x0000000602400000, 0x0000000800000000)
  region size 4096K, 0 young (0K), 0 survivors (0K)
 Metaspace       used 48067K, committed 48832K, reserved 1114112K
  class space    used 6339K, committed 6656K, reserved 1048576K
}
Event: 4785.142 GC heap before
{Heap before GC invocations=53 (full 12):
 garbage-first heap   total 69632K, used 54440K [0x0000000602400000, 0x0000000800000000)
  region size 4096K, 8 young (32768K), 0 survivors (0K)
 Metaspace       used 48100K, committed 48832K, reserved 1114112K
  class space    used 6349K, committed 6656K, reserved 1048576K
}
Event: 4785.144 GC heap after
{Heap after GC invocations=54 (full 12):
 garbage-first heap   total 69632K, used 24749K [0x0000000602400000, 0x0000000800000000)
  region size 4096K, 1 young (4096K), 1 survivors (4096K)
 Metaspace       used 48100K, committed 48832K, reserved 1114112K
  class space    used 6349K, committed 6656K, reserved 1048576K
}
Event: 4800.031 GC heap before
{Heap before GC invocations=54 (full 12):
 garbage-first heap   total 69632K, used 49325K [0x0000000602400000, 0x0000000800000000)
  region size 4096K, 8 young (32768K), 1 survivors (4096K)
 Metaspace       used 48287K, committed 48960K, reserved 1114112K
  class space    used 6364K, committed 6656K, reserved 1048576K
}
Event: 4800.079 GC heap after
{Heap after GC invocations=55 (full 13):
 garbage-first heap   total 69632K, used 21761K [0x0000000602400000, 0x0000000800000000)
  region size 4096K, 0 young (0K), 0 survivors (0K)
 Metaspace       used 48260K, committed 48960K, reserved 1114112K
  class space    used 6359K, committed 6656K, reserved 1048576K
}
Event: 4800.258 GC heap before
{Heap before GC invocations=55 (full 13):
 garbage-first heap   total 69632K, used 54529K [0x0000000602400000, 0x0000000800000000)
  region size 4096K, 8 young (32768K), 0 survivors (0K)
 Metaspace       used 48292K, committed 48960K, reserved 1114112K
  class space    used 6368K, committed 6656K, reserved 1048576K
}
Event: 4800.260 GC heap after
{Heap after GC invocations=56 (full 13):
 garbage-first heap   total 69632K, used 24962K [0x0000000602400000, 0x0000000800000000)
  region size 4096K, 1 young (4096K), 1 survivors (4096K)
 Metaspace       used 48292K, committed 48960K, reserved 1114112K
  class space    used 6368K, committed 6656K, reserved 1048576K
}
Event: 4856.856 GC heap before
{Heap before GC invocations=56 (full 13):
 garbage-first heap   total 69632K, used 53634K [0x0000000602400000, 0x0000000800000000)
  region size 4096K, 8 young (32768K), 1 survivors (4096K)
 Metaspace       used 48454K, committed 49088K, reserved 1114112K
  class space    used 6381K, committed 6656K, reserved 1048576K
}
Event: 4856.858 GC heap after
{Heap after GC invocations=57 (full 13):
 garbage-first heap   total 69632K, used 27145K [0x0000000602400000, 0x0000000800000000)
  region size 4096K, 1 young (4096K), 1 survivors (4096K)
 Metaspace       used 48454K, committed 49088K, reserved 1114112K
  class space    used 6381K, committed 6656K, reserved 1048576K
}

